D, [2017-07-31T08:43:13.308361 #4544] DEBUG -- :   [1m[35m (0.1ms)[0m  [1m[34mSELECT sqlite_version(*)[0m
D, [2017-07-31T08:43:13.444064 #4544] DEBUG -- :   [1m[35m (135.4ms)[0m  [1m[35mCREATE TABLE "schema_migrations" ("version" varchar NOT NULL PRIMARY KEY)[0m
D, [2017-07-31T08:43:13.567311 #4544] DEBUG -- :   [1m[35m (118.5ms)[0m  [1m[35mCREATE TABLE "ar_internal_metadata" ("key" varchar NOT NULL PRIMARY KEY, "value" varchar, "created_at" datetime NOT NULL, "updated_at" datetime NOT NULL)[0m
D, [2017-07-31T08:43:13.577943 #4544] DEBUG -- :   [1m[35m (0.2ms)[0m  [1m[34mSELECT "schema_migrations"."version" FROM "schema_migrations" ORDER BY "schema_migrations"."version" ASC[0m
I, [2017-07-31T08:43:13.578057 #4544]  INFO -- : Migrating to CreateUsers (20170728035433)
D, [2017-07-31T08:43:13.591366 #4544] DEBUG -- :   [1m[35m (0.1ms)[0m  [1m[36mbegin transaction[0m
D, [2017-07-31T08:43:13.592134 #4544] DEBUG -- :   [1m[35m (0.3ms)[0m  [1m[35mCREATE TABLE "users" ("id" INTEGER PRIMARY KEY AUTOINCREMENT NOT NULL, "name" varchar, "email" varchar, "created_at" datetime NOT NULL, "updated_at" datetime NOT NULL)[0m
D, [2017-07-31T08:43:13.594335 #4544] DEBUG -- :   [1m[35mSQL (0.1ms)[0m  [1m[32mINSERT INTO "schema_migrations" ("version") VALUES (?)[0m  [["version", "20170728035433"]]
D, [2017-07-31T08:43:13.746488 #4544] DEBUG -- :   [1m[35m (151.9ms)[0m  [1m[36mcommit transaction[0m
I, [2017-07-31T08:43:13.746651 #4544]  INFO -- : Migrating to AddIndexToUsersEmail (20170728073124)
D, [2017-07-31T08:43:13.747204 #4544] DEBUG -- :   [1m[35m (0.1ms)[0m  [1m[36mbegin transaction[0m
D, [2017-07-31T08:43:13.748281 #4544] DEBUG -- :   [1m[35m (0.3ms)[0m  [1m[35mCREATE UNIQUE INDEX "index_users_on_email" ON "users" ("email")[0m
D, [2017-07-31T08:43:13.749163 #4544] DEBUG -- :   [1m[35mSQL (0.1ms)[0m  [1m[32mINSERT INTO "schema_migrations" ("version") VALUES (?)[0m  [["version", "20170728073124"]]
D, [2017-07-31T08:43:13.936318 #4544] DEBUG -- :   [1m[35m (186.8ms)[0m  [1m[36mcommit transaction[0m
I, [2017-07-31T08:43:13.936524 #4544]  INFO -- : Migrating to AddPasswordDigestToUsers (20170728074026)
D, [2017-07-31T08:43:13.945057 #4544] DEBUG -- :   [1m[35m (0.1ms)[0m  [1m[36mbegin transaction[0m
D, [2017-07-31T08:43:13.946330 #4544] DEBUG -- :   [1m[35m (0.6ms)[0m  [1m[35mALTER TABLE "users" ADD "password_digest" varchar[0m
D, [2017-07-31T08:43:13.947939 #4544] DEBUG -- :   [1m[35mSQL (0.3ms)[0m  [1m[32mINSERT INTO "schema_migrations" ("version") VALUES (?)[0m  [["version", "20170728074026"]]
D, [2017-07-31T08:43:14.060766 #4544] DEBUG -- :   [1m[35m (112.5ms)[0m  [1m[36mcommit transaction[0m
D, [2017-07-31T08:43:14.062662 #4544] DEBUG -- :   [1m[36mActiveRecord::InternalMetadata Load (0.1ms)[0m  [1m[34mSELECT  "ar_internal_metadata".* FROM "ar_internal_metadata" WHERE "ar_internal_metadata"."key" = ? LIMIT ?[0m  [["key", "environment"], ["LIMIT", 1]]
D, [2017-07-31T08:43:14.065895 #4544] DEBUG -- :   [1m[35m (0.0ms)[0m  [1m[36mbegin transaction[0m
D, [2017-07-31T08:43:14.066882 #4544] DEBUG -- :   [1m[35mSQL (0.2ms)[0m  [1m[32mINSERT INTO "ar_internal_metadata" ("key", "value", "created_at", "updated_at") VALUES (?, ?, ?, ?)[0m  [["key", "environment"], ["value", "production"], ["created_at", "2017-07-31 01:43:14.066119"], ["updated_at", "2017-07-31 01:43:14.066119"]]
D, [2017-07-31T08:43:14.194895 #4544] DEBUG -- :   [1m[35m (127.7ms)[0m  [1m[36mcommit transaction[0m
